{"/home/o-va/Documents/todo-list-review/src/RemoHtml.js": {"path":"/home/o-va/Documents/todo-list-review/src/RemoHtml.js","statementMap":{"0":{"start":{"line":1,"column":17},"end":{"line":9,"column":1}},"1":{"start":{"line":2,"column":19},"end":{"line":2,"column":56}},"2":{"start":{"line":4,"column":2},"end":{"line":4,"column":23}},"3":{"start":{"line":6,"column":2},"end":{"line":6,"column":21}},"4":{"start":{"line":8,"column":2},"end":{"line":8,"column":19}}},"fnMap":{"0":{"name":"(anonymous_0)","decl":{"start":{"line":1,"column":17},"end":{"line":1,"column":18}},"loc":{"start":{"line":1,"column":32},"end":{"line":9,"column":1}},"line":1}},"branchMap":{},"s":{"0":1,"1":1,"2":1,"3":1,"4":1},"f":{"0":1},"b":{},"_coverageSchema":"1a1c01bbd47fc00a2c39e90264f33305004495a9","hash":"bfeaeebacab8ae612f42886f925bfaef1fceccb4"}
,"/home/o-va/Documents/todo-list-review/src/Tasks.js": {"path":"/home/o-va/Documents/todo-list-review/src/Tasks.js","statementMap":{"0":{"start":{"line":6,"column":4},"end":{"line":6,"column":20}},"1":{"start":{"line":11,"column":14},"end":{"line":11,"column":41}},"2":{"start":{"line":12,"column":4},"end":{"line":12,"column":23}},"3":{"start":{"line":13,"column":4},"end":{"line":13,"column":13}},"4":{"start":{"line":17,"column":4},"end":{"line":17,"column":22}},"5":{"start":{"line":21,"column":4},"end":{"line":21,"column":28}},"6":{"start":{"line":25,"column":4},"end":{"line":25,"column":34}},"7":{"start":{"line":29,"column":4},"end":{"line":31,"column":7}},"8":{"start":{"line":30,"column":6},"end":{"line":30,"column":25}},"9":{"start":{"line":35,"column":4},"end":{"line":35,"column":39}},"10":{"start":{"line":39,"column":4},"end":{"line":39,"column":30}},"11":{"start":{"line":43,"column":4},"end":{"line":43,"column":78}},"12":{"start":{"line":43,"column":48},"end":{"line":43,"column":76}}},"fnMap":{"0":{"name":"(anonymous_0)","decl":{"start":{"line":5,"column":2},"end":{"line":5,"column":3}},"loc":{"start":{"line":5,"column":16},"end":{"line":7,"column":3}},"line":5},"1":{"name":"(anonymous_1)","decl":{"start":{"line":10,"column":2},"end":{"line":10,"column":3}},"loc":{"start":{"line":10,"column":29},"end":{"line":14,"column":3}},"line":10},"2":{"name":"(anonymous_2)","decl":{"start":{"line":16,"column":2},"end":{"line":16,"column":3}},"loc":{"start":{"line":16,"column":17},"end":{"line":18,"column":3}},"line":16},"3":{"name":"(anonymous_3)","decl":{"start":{"line":20,"column":2},"end":{"line":20,"column":3}},"loc":{"start":{"line":20,"column":19},"end":{"line":22,"column":3}},"line":20},"4":{"name":"(anonymous_4)","decl":{"start":{"line":24,"column":2},"end":{"line":24,"column":3}},"loc":{"start":{"line":24,"column":18},"end":{"line":26,"column":3}},"line":24},"5":{"name":"(anonymous_5)","decl":{"start":{"line":28,"column":2},"end":{"line":28,"column":3}},"loc":{"start":{"line":28,"column":16},"end":{"line":32,"column":3}},"line":28},"6":{"name":"(anonymous_6)","decl":{"start":{"line":29,"column":26},"end":{"line":29,"column":27}},"loc":{"start":{"line":29,"column":39},"end":{"line":31,"column":5}},"line":29},"7":{"name":"(anonymous_7)","decl":{"start":{"line":34,"column":2},"end":{"line":34,"column":3}},"loc":{"start":{"line":34,"column":24},"end":{"line":36,"column":3}},"line":34},"8":{"name":"(anonymous_8)","decl":{"start":{"line":38,"column":2},"end":{"line":38,"column":3}},"loc":{"start":{"line":38,"column":19},"end":{"line":40,"column":3}},"line":38},"9":{"name":"(anonymous_9)","decl":{"start":{"line":42,"column":2},"end":{"line":42,"column":3}},"loc":{"start":{"line":42,"column":29},"end":{"line":44,"column":3}},"line":42},"10":{"name":"(anonymous_10)","decl":{"start":{"line":43,"column":35},"end":{"line":43,"column":36}},"loc":{"start":{"line":43,"column":48},"end":{"line":43,"column":76}},"line":43}},"branchMap":{},"s":{"0":3,"1":4,"2":4,"3":4,"4":5,"5":0,"6":1,"7":5,"8":7,"9":0,"10":0,"11":0,"12":0},"f":{"0":3,"1":4,"2":5,"3":0,"4":1,"5":5,"6":7,"7":0,"8":0,"9":0,"10":0},"b":{},"_coverageSchema":"1a1c01bbd47fc00a2c39e90264f33305004495a9","hash":"511a291501ab8eef35fca363f06424ad9156930a"}
,"/home/o-va/Documents/todo-list-review/src/addHtml.js": {"path":"/home/o-va/Documents/todo-list-review/src/addHtml.js","statementMap":{"0":{"start":{"line":1,"column":16},"end":{"line":30,"column":1}},"1":{"start":{"line":2,"column":2},"end":{"line":2,"column":29}},"2":{"start":{"line":4,"column":14},"end":{"line":4,"column":42}},"3":{"start":{"line":5,"column":2},"end":{"line":5,"column":36}},"4":{"start":{"line":6,"column":2},"end":{"line":6,"column":41}},"5":{"start":{"line":7,"column":18},"end":{"line":7,"column":47}},"6":{"start":{"line":8,"column":2},"end":{"line":8,"column":43}},"7":{"start":{"line":9,"column":2},"end":{"line":9,"column":40}},"8":{"start":{"line":10,"column":12},"end":{"line":10,"column":43}},"9":{"start":{"line":11,"column":2},"end":{"line":11,"column":37}},"10":{"start":{"line":12,"column":2},"end":{"line":12,"column":36}},"11":{"start":{"line":13,"column":2},"end":{"line":13,"column":43}},"12":{"start":{"line":14,"column":2},"end":{"line":14,"column":30}},"13":{"start":{"line":14,"column":11},"end":{"line":14,"column":28}},"14":{"start":{"line":15,"column":2},"end":{"line":15,"column":25}},"15":{"start":{"line":16,"column":12},"end":{"line":16,"column":39}},"16":{"start":{"line":17,"column":2},"end":{"line":17,"column":33}},"17":{"start":{"line":18,"column":2},"end":{"line":18,"column":36}},"18":{"start":{"line":19,"column":2},"end":{"line":19,"column":18}},"19":{"start":{"line":20,"column":2},"end":{"line":20,"column":25}},"20":{"start":{"line":21,"column":2},"end":{"line":21,"column":27}},"21":{"start":{"line":23,"column":12},"end":{"line":23,"column":39}},"22":{"start":{"line":24,"column":2},"end":{"line":24,"column":72}},"23":{"start":{"line":25,"column":2},"end":{"line":25,"column":32}},"24":{"start":{"line":26,"column":2},"end":{"line":26,"column":21}},"25":{"start":{"line":28,"column":2},"end":{"line":28,"column":19}},"26":{"start":{"line":29,"column":2},"end":{"line":29,"column":13}}},"fnMap":{"0":{"name":"(anonymous_0)","decl":{"start":{"line":1,"column":16},"end":{"line":1,"column":17}},"loc":{"start":{"line":1,"column":47},"end":{"line":30,"column":1}},"line":1}},"branchMap":{"0":{"loc":{"start":{"line":14,"column":2},"end":{"line":14,"column":30}},"type":"if","locations":[{"start":{"line":14,"column":2},"end":{"line":14,"column":30}},{"start":{},"end":{}}],"line":14}},"s":{"0":2,"1":4,"2":4,"3":4,"4":4,"5":4,"6":4,"7":4,"8":4,"9":4,"10":4,"11":4,"12":4,"13":1,"14":4,"15":4,"16":4,"17":4,"18":4,"19":4,"20":4,"21":4,"22":4,"23":4,"24":4,"25":4,"26":4},"f":{"0":4},"b":{"0":[1,3]},"_coverageSchema":"1a1c01bbd47fc00a2c39e90264f33305004495a9","hash":"f0037c5c7e8c0a0607ea807b6cb0d7593c999e16"}
,"/home/o-va/Documents/todo-list-review/src/completedTasks.js": {"path":"/home/o-va/Documents/todo-list-review/src/completedTasks.js","statementMap":{"0":{"start":{"line":1,"column":22},"end":{"line":9,"column":3}},"1":{"start":{"line":2,"column":27},"end":{"line":2,"column":64}},"2":{"start":{"line":2,"column":55},"end":{"line":2,"column":63}},"3":{"start":{"line":3,"column":4},"end":{"line":6,"column":7}},"4":{"start":{"line":4,"column":26},"end":{"line":4,"column":67}},"5":{"start":{"line":5,"column":6},"end":{"line":5,"column":27}},"6":{"start":{"line":7,"column":4},"end":{"line":7,"column":39}},"7":{"start":{"line":8,"column":4},"end":{"line":8,"column":21}}},"fnMap":{"0":{"name":"(anonymous_0)","decl":{"start":{"line":1,"column":22},"end":{"line":1,"column":23}},"loc":{"start":{"line":1,"column":30},"end":{"line":9,"column":3}},"line":1},"1":{"name":"(anonymous_1)","decl":{"start":{"line":2,"column":46},"end":{"line":2,"column":47}},"loc":{"start":{"line":2,"column":55},"end":{"line":2,"column":63}},"line":2},"2":{"name":"(anonymous_2)","decl":{"start":{"line":3,"column":27},"end":{"line":3,"column":28}},"loc":{"start":{"line":3,"column":36},"end":{"line":6,"column":5}},"line":3}},"branchMap":{},"s":{"0":1,"1":0,"2":0,"3":0,"4":0,"5":0,"6":0,"7":0},"f":{"0":0,"1":0,"2":0},"b":{},"_coverageSchema":"1a1c01bbd47fc00a2c39e90264f33305004495a9","hash":"6b8b6fd8dc6c0b4e79123afb6bf13497d1316f32"}
,"/home/o-va/Documents/todo-list-review/src/eachTask.js": {"path":"/home/o-va/Documents/todo-list-review/src/eachTask.js","statementMap":{"0":{"start":{"line":4,"column":4},"end":{"line":4,"column":21}},"1":{"start":{"line":5,"column":4},"end":{"line":5,"column":21}},"2":{"start":{"line":6,"column":4},"end":{"line":6,"column":23}},"3":{"start":{"line":10,"column":4},"end":{"line":10,"column":21}},"4":{"start":{"line":14,"column":4},"end":{"line":14,"column":21}},"5":{"start":{"line":18,"column":4},"end":{"line":18,"column":22}}},"fnMap":{"0":{"name":"(anonymous_0)","decl":{"start":{"line":3,"column":2},"end":{"line":3,"column":3}},"loc":{"start":{"line":3,"column":33},"end":{"line":7,"column":3}},"line":3},"1":{"name":"(anonymous_1)","decl":{"start":{"line":9,"column":2},"end":{"line":9,"column":3}},"loc":{"start":{"line":9,"column":17},"end":{"line":11,"column":3}},"line":9},"2":{"name":"(anonymous_2)","decl":{"start":{"line":13,"column":2},"end":{"line":13,"column":3}},"loc":{"start":{"line":13,"column":17},"end":{"line":15,"column":3}},"line":13},"3":{"name":"(anonymous_3)","decl":{"start":{"line":17,"column":2},"end":{"line":17,"column":3}},"loc":{"start":{"line":17,"column":18},"end":{"line":19,"column":3}},"line":17}},"branchMap":{},"s":{"0":4,"1":4,"2":4,"3":0,"4":0,"5":0},"f":{"0":4,"1":0,"2":0,"3":0},"b":{},"_coverageSchema":"1a1c01bbd47fc00a2c39e90264f33305004495a9","hash":"00d3324ef776f65efbf00d7e5001336d0286a395"}
}
