{"/home/o-va/Documents/todo-list-review/src/RemoHtml.js": {"path":"/home/o-va/Documents/todo-list-review/src/RemoHtml.js","statementMap":{"0":{"start":{"line":1,"column":17},"end":{"line":9,"column":3}},"1":{"start":{"line":2,"column":21},"end":{"line":2,"column":58}},"2":{"start":{"line":4,"column":4},"end":{"line":4,"column":25}},"3":{"start":{"line":6,"column":4},"end":{"line":6,"column":23}},"4":{"start":{"line":8,"column":4},"end":{"line":8,"column":21}}},"fnMap":{"0":{"name":"(anonymous_0)","decl":{"start":{"line":1,"column":17},"end":{"line":1,"column":18}},"loc":{"start":{"line":1,"column":32},"end":{"line":9,"column":3}},"line":1}},"branchMap":{},"s":{"0":1,"1":1,"2":1,"3":1,"4":1},"f":{"0":1},"b":{},"_coverageSchema":"1a1c01bbd47fc00a2c39e90264f33305004495a9","hash":"a29c5103af8e3293eace5d8a9b968ba1e9765486"}
,"/home/o-va/Documents/todo-list-review/src/Tasks.js": {"path":"/home/o-va/Documents/todo-list-review/src/Tasks.js","statementMap":{"0":{"start":{"line":6,"column":4},"end":{"line":6,"column":20}},"1":{"start":{"line":11,"column":14},"end":{"line":11,"column":41}},"2":{"start":{"line":12,"column":4},"end":{"line":12,"column":23}},"3":{"start":{"line":13,"column":4},"end":{"line":13,"column":13}},"4":{"start":{"line":17,"column":4},"end":{"line":17,"column":22}},"5":{"start":{"line":21,"column":4},"end":{"line":21,"column":28}},"6":{"start":{"line":25,"column":4},"end":{"line":25,"column":34}},"7":{"start":{"line":29,"column":4},"end":{"line":31,"column":7}},"8":{"start":{"line":30,"column":6},"end":{"line":30,"column":25}},"9":{"start":{"line":35,"column":4},"end":{"line":35,"column":39}},"10":{"start":{"line":39,"column":4},"end":{"line":39,"column":30}},"11":{"start":{"line":43,"column":4},"end":{"line":43,"column":78}},"12":{"start":{"line":43,"column":48},"end":{"line":43,"column":76}}},"fnMap":{"0":{"name":"(anonymous_0)","decl":{"start":{"line":5,"column":2},"end":{"line":5,"column":3}},"loc":{"start":{"line":5,"column":16},"end":{"line":7,"column":3}},"line":5},"1":{"name":"(anonymous_1)","decl":{"start":{"line":10,"column":2},"end":{"line":10,"column":3}},"loc":{"start":{"line":10,"column":29},"end":{"line":14,"column":3}},"line":10},"2":{"name":"(anonymous_2)","decl":{"start":{"line":16,"column":2},"end":{"line":16,"column":3}},"loc":{"start":{"line":16,"column":17},"end":{"line":18,"column":3}},"line":16},"3":{"name":"(anonymous_3)","decl":{"start":{"line":20,"column":2},"end":{"line":20,"column":3}},"loc":{"start":{"line":20,"column":19},"end":{"line":22,"column":3}},"line":20},"4":{"name":"(anonymous_4)","decl":{"start":{"line":24,"column":2},"end":{"line":24,"column":3}},"loc":{"start":{"line":24,"column":18},"end":{"line":26,"column":3}},"line":24},"5":{"name":"(anonymous_5)","decl":{"start":{"line":28,"column":2},"end":{"line":28,"column":3}},"loc":{"start":{"line":28,"column":16},"end":{"line":32,"column":3}},"line":28},"6":{"name":"(anonymous_6)","decl":{"start":{"line":29,"column":26},"end":{"line":29,"column":27}},"loc":{"start":{"line":29,"column":39},"end":{"line":31,"column":5}},"line":29},"7":{"name":"(anonymous_7)","decl":{"start":{"line":34,"column":2},"end":{"line":34,"column":3}},"loc":{"start":{"line":34,"column":24},"end":{"line":36,"column":3}},"line":34},"8":{"name":"(anonymous_8)","decl":{"start":{"line":38,"column":2},"end":{"line":38,"column":3}},"loc":{"start":{"line":38,"column":19},"end":{"line":40,"column":3}},"line":38},"9":{"name":"(anonymous_9)","decl":{"start":{"line":42,"column":2},"end":{"line":42,"column":3}},"loc":{"start":{"line":42,"column":29},"end":{"line":44,"column":3}},"line":42},"10":{"name":"(anonymous_10)","decl":{"start":{"line":43,"column":35},"end":{"line":43,"column":36}},"loc":{"start":{"line":43,"column":48},"end":{"line":43,"column":76}},"line":43}},"branchMap":{},"s":{"0":2,"1":1,"2":1,"3":1,"4":2,"5":0,"6":1,"7":2,"8":1,"9":0,"10":0,"11":0,"12":0},"f":{"0":2,"1":1,"2":2,"3":0,"4":1,"5":2,"6":1,"7":0,"8":0,"9":0,"10":0},"b":{},"_coverageSchema":"1a1c01bbd47fc00a2c39e90264f33305004495a9","hash":"511a291501ab8eef35fca363f06424ad9156930a"}
,"/home/o-va/Documents/todo-list-review/src/addHtml.js": {"path":"/home/o-va/Documents/todo-list-review/src/addHtml.js","statementMap":{"0":{"start":{"line":1,"column":16},"end":{"line":30,"column":3}},"1":{"start":{"line":2,"column":4},"end":{"line":2,"column":31}},"2":{"start":{"line":4,"column":16},"end":{"line":4,"column":44}},"3":{"start":{"line":5,"column":4},"end":{"line":5,"column":38}},"4":{"start":{"line":6,"column":4},"end":{"line":6,"column":43}},"5":{"start":{"line":7,"column":20},"end":{"line":7,"column":49}},"6":{"start":{"line":8,"column":4},"end":{"line":8,"column":45}},"7":{"start":{"line":9,"column":4},"end":{"line":9,"column":42}},"8":{"start":{"line":10,"column":14},"end":{"line":10,"column":45}},"9":{"start":{"line":11,"column":4},"end":{"line":11,"column":39}},"10":{"start":{"line":12,"column":4},"end":{"line":12,"column":38}},"11":{"start":{"line":13,"column":4},"end":{"line":13,"column":45}},"12":{"start":{"line":14,"column":4},"end":{"line":14,"column":32}},"13":{"start":{"line":14,"column":13},"end":{"line":14,"column":30}},"14":{"start":{"line":15,"column":4},"end":{"line":15,"column":27}},"15":{"start":{"line":16,"column":14},"end":{"line":16,"column":41}},"16":{"start":{"line":17,"column":4},"end":{"line":17,"column":35}},"17":{"start":{"line":18,"column":4},"end":{"line":18,"column":38}},"18":{"start":{"line":19,"column":4},"end":{"line":19,"column":20}},"19":{"start":{"line":20,"column":4},"end":{"line":20,"column":27}},"20":{"start":{"line":21,"column":4},"end":{"line":21,"column":29}},"21":{"start":{"line":23,"column":14},"end":{"line":23,"column":41}},"22":{"start":{"line":24,"column":4},"end":{"line":24,"column":74}},"23":{"start":{"line":25,"column":4},"end":{"line":25,"column":34}},"24":{"start":{"line":26,"column":4},"end":{"line":26,"column":23}},"25":{"start":{"line":28,"column":4},"end":{"line":28,"column":21}},"26":{"start":{"line":29,"column":4},"end":{"line":29,"column":15}}},"fnMap":{"0":{"name":"(anonymous_0)","decl":{"start":{"line":1,"column":16},"end":{"line":1,"column":17}},"loc":{"start":{"line":1,"column":47},"end":{"line":30,"column":3}},"line":1}},"branchMap":{"0":{"loc":{"start":{"line":14,"column":4},"end":{"line":14,"column":32}},"type":"if","locations":[{"start":{"line":14,"column":4},"end":{"line":14,"column":32}},{"start":{},"end":{}}],"line":14}},"s":{"0":1,"1":1,"2":1,"3":1,"4":1,"5":1,"6":1,"7":1,"8":1,"9":1,"10":1,"11":1,"12":1,"13":0,"14":1,"15":1,"16":1,"17":1,"18":1,"19":1,"20":1,"21":1,"22":1,"23":1,"24":1,"25":1,"26":1},"f":{"0":1},"b":{"0":[0,1]},"_coverageSchema":"1a1c01bbd47fc00a2c39e90264f33305004495a9","hash":"3dcefbe220637d539a7f3df7382136dc441d0a02"}
,"/home/o-va/Documents/todo-list-review/src/eachTask.js": {"path":"/home/o-va/Documents/todo-list-review/src/eachTask.js","statementMap":{"0":{"start":{"line":4,"column":6},"end":{"line":4,"column":23}},"1":{"start":{"line":5,"column":6},"end":{"line":5,"column":23}},"2":{"start":{"line":6,"column":6},"end":{"line":6,"column":25}},"3":{"start":{"line":10,"column":6},"end":{"line":10,"column":23}},"4":{"start":{"line":14,"column":6},"end":{"line":14,"column":23}},"5":{"start":{"line":18,"column":6},"end":{"line":18,"column":24}}},"fnMap":{"0":{"name":"(anonymous_0)","decl":{"start":{"line":3,"column":4},"end":{"line":3,"column":5}},"loc":{"start":{"line":3,"column":35},"end":{"line":7,"column":5}},"line":3},"1":{"name":"(anonymous_1)","decl":{"start":{"line":9,"column":4},"end":{"line":9,"column":5}},"loc":{"start":{"line":9,"column":19},"end":{"line":11,"column":5}},"line":9},"2":{"name":"(anonymous_2)","decl":{"start":{"line":13,"column":4},"end":{"line":13,"column":5}},"loc":{"start":{"line":13,"column":19},"end":{"line":15,"column":5}},"line":13},"3":{"name":"(anonymous_3)","decl":{"start":{"line":17,"column":4},"end":{"line":17,"column":5}},"loc":{"start":{"line":17,"column":20},"end":{"line":19,"column":5}},"line":17}},"branchMap":{},"s":{"0":1,"1":1,"2":1,"3":0,"4":0,"5":0},"f":{"0":1,"1":0,"2":0,"3":0},"b":{},"_coverageSchema":"1a1c01bbd47fc00a2c39e90264f33305004495a9","hash":"165df4fb7690596ce31b0444840f730b257e6731"}
}
